<?xml version="1.0" encoding="UTF-8"?>
<testng-results ignored="0" total="1" passed="1" failed="0" skipped="0">
  <reporter-output>
  </reporter-output>
  <suite started-at="2023-11-29T15:33:19 IST" name="Suite" finished-at="2023-11-29T15:33:20 IST" duration-ms="141">
    <groups>
      <group name="smoke">
        <method signature="jenkinclass18.test()[pri:0, instance:com.jenkinsproject.jenkinclass18@4afcd809]" name="test" class="com.jenkinsproject.jenkinclass18"/>
      </group> <!-- smoke -->
    </groups>
    <test started-at="2023-11-29T15:33:19 IST" name="Test" finished-at="2023-11-29T15:33:20 IST" duration-ms="141">
      <class name="com.jenkinsproject.jenkinclass18">
        <test-method signature="test()[pri:0, instance:com.jenkinsproject.jenkinclass18@4afcd809]" started-at="2023-11-29T15:33:20 IST" name="test" finished-at="2023-11-29T15:33:20 IST" duration-ms="16" status="PASS">
          <reporter-output>
          </reporter-output>
        </test-method> <!-- test -->
      </class> <!-- com.jenkinsproject.jenkinclass18 -->
    </test> <!-- Test -->
  </suite> <!-- Suite -->
</testng-results>
